<?xml version="1.0" encoding="UTF-8"?>
<!-- Generated by org.testng.reporters.JUnitReportReporter -->
<testsuite skipped="0" hostname="LAPTOP-LDDE6EAS" name="com.qa.ebay.testcases.SignInPageTest" tests="2" failures="0" timestamp="06 Jun 2019 21:55:04 GMT" time="27.817" errors="0">
  <testcase name="validateImgPresentTest" time="12.500" classname="com.qa.ebay.testcases.SignInPageTest"/>
  <testcase name="validatesingIn" time="15.317" classname="com.qa.ebay.testcases.SignInPageTest"/>
</testsuite> <!-- com.qa.ebay.testcases.SignInPageTest -->
