<?xml version="1.0" encoding="UTF-8"?>
<!-- Generated by org.testng.reporters.JUnitReportReporter -->
<testsuite skipped="0" hostname="LAPTOP-LDDE6EAS" name="com.qa.ebay.testcases.RegistrationTest" tests="2" failures="0" timestamp="06 Jun 2019 21:55:04 GMT" time="41.627" errors="0">
  <testcase name="regBtnTest" time="20.296" classname="com.qa.ebay.testcases.RegistrationTest"/>
  <testcase name="vadidateRegTest" time="21.331" classname="com.qa.ebay.testcases.RegistrationTest"/>
</testsuite> <!-- com.qa.ebay.testcases.RegistrationTest -->
