<?xml version="1.0" encoding="UTF-8"?>
<!-- Generated by org.testng.reporters.JUnitReportReporter -->
<testsuite skipped="0" hostname="LAPTOP-LDDE6EAS" name="com.qa.ebay.testcases.LoginPageTest" tests="2" failures="0" timestamp="03 Jun 2019 22:53:16 GMT" time="36.603" errors="0">
  <testcase name="validateImgPresentTest" time="14.013" classname="com.qa.ebay.testcases.LoginPageTest"/>
  <testcase name="validatesingIn" time="22.590" classname="com.qa.ebay.testcases.LoginPageTest"/>
</testsuite> <!-- com.qa.ebay.testcases.LoginPageTest -->
